Sun Nov 29 21:30:02 IST 2020 : Apache Derby Network Server - 10.11.1.2 - (1629631) started and ready to accept connections on port 1527
----------------------------------------------------------------
Sun Nov 29 21:30:02 IST 2020:
Booting Derby version The Apache Software Foundation - Apache Derby - 10.11.1.2 - (1629631): instance a816c00e-0176-14bb-83fe-000015469670 
on database directory /Users/devinrahul/Documents/OPP project/JOption./Joption with class loader sun.misc.Launcher$AppClassLoader@6f94fa3e 
Loaded from file:/Library/Java/JavaVirtualMachines/jdk1.8.0_111.jdk/Contents/Home/db/lib/derby.jar
java.vendor=Oracle Corporation
java.runtime.version=1.8.0_111-b14
user.dir=/Library/Java/JavaVirtualMachines/jdk1.8.0_111.jdk/Contents/Home/db
os.name=Mac OS X
os.arch=x86_64
os.version=10.16
derby.system.home=/Users/devinrahul/Documents/OPP project/JOption.
Database Class Loader started - derby.database.classpath=''
----------------------------------------------------------------
Sun Nov 29 21:30:03 IST 2020:
Shutting down instance a816c00e-0176-14bb-83fe-000015469670 on database directory /Users/devinrahul/Documents/OPP project/JOption./Joption with class loader sun.misc.Launcher$AppClassLoader@6f94fa3e 
Sun Nov 29 21:30:03 IST 2020 Thread[DRDAConnThread_3,5,main] (DATABASE = Joption), (DRDAID = {2}), Database 'Joption' shutdown.
Sun Nov 29 21:30:18 IST 2020 Thread[DRDAConnThread_2,5,main] Cleanup action starting
java.sql.SQLException: Database 'JOptionn' not found.
	at org.apache.derby.impl.jdbc.SQLExceptionFactory.getSQLException(Unknown Source)
	at org.apache.derby.impl.jdbc.SQLExceptionFactory.getSQLException(Unknown Source)
	at org.apache.derby.impl.jdbc.Util.generateCsSQLException(Unknown Source)
	at org.apache.derby.impl.jdbc.Util.generateCsSQLException(Unknown Source)
	at org.apache.derby.impl.jdbc.EmbedConnection.newSQLException(Unknown Source)
	at org.apache.derby.impl.jdbc.EmbedConnection.handleDBNotFound(Unknown Source)
	at org.apache.derby.impl.jdbc.EmbedConnection.<init>(Unknown Source)
	at org.apache.derby.jdbc.InternalDriver.getNewEmbedConnection(Unknown Source)
	at org.apache.derby.jdbc.InternalDriver.connect(Unknown Source)
	at org.apache.derby.jdbc.InternalDriver.connect(Unknown Source)
	at org.apache.derby.jdbc.EmbeddedDriver.connect(Unknown Source)
	at org.apache.derby.impl.drda.Database.makeConnection(Unknown Source)
	at org.apache.derby.impl.drda.DRDAConnThread.getConnFromDatabaseName(Unknown Source)
	at org.apache.derby.impl.drda.DRDAConnThread.verifyUserIdPassword(Unknown Source)
	at org.apache.derby.impl.drda.DRDAConnThread.parseSECCHK(Unknown Source)
	at org.apache.derby.impl.drda.DRDAConnThread.parseDRDAConnection(Unknown Source)
	at org.apache.derby.impl.drda.DRDAConnThread.processCommands(Unknown Source)
	at org.apache.derby.impl.drda.DRDAConnThread.run(Unknown Source)
Caused by: ERROR XJ004: Database 'JOptionn' not found.
	at org.apache.derby.iapi.error.StandardException.newException(Unknown Source)
	at org.apache.derby.impl.jdbc.SQLExceptionFactory.wrapArgsForTransportAcrossDRDA(Unknown Source)
	... 18 more
============= begin nested exception, level (1) ===========
ERROR XJ004: Database 'JOptionn' not found.
	at org.apache.derby.iapi.error.StandardException.newException(Unknown Source)
	at org.apache.derby.impl.jdbc.SQLExceptionFactory.wrapArgsForTransportAcrossDRDA(Unknown Source)
	at org.apache.derby.impl.jdbc.SQLExceptionFactory.getSQLException(Unknown Source)
	at org.apache.derby.impl.jdbc.SQLExceptionFactory.getSQLException(Unknown Source)
	at org.apache.derby.impl.jdbc.Util.generateCsSQLException(Unknown Source)
	at org.apache.derby.impl.jdbc.Util.generateCsSQLException(Unknown Source)
	at org.apache.derby.impl.jdbc.EmbedConnection.newSQLException(Unknown Source)
	at org.apache.derby.impl.jdbc.EmbedConnection.handleDBNotFound(Unknown Source)
	at org.apache.derby.impl.jdbc.EmbedConnection.<init>(Unknown Source)
	at org.apache.derby.jdbc.InternalDriver.getNewEmbedConnection(Unknown Source)
	at org.apache.derby.jdbc.InternalDriver.connect(Unknown Source)
	at org.apache.derby.jdbc.InternalDriver.connect(Unknown Source)
	at org.apache.derby.jdbc.EmbeddedDriver.connect(Unknown Source)
	at org.apache.derby.impl.drda.Database.makeConnection(Unknown Source)
	at org.apache.derby.impl.drda.DRDAConnThread.getConnFromDatabaseName(Unknown Source)
	at org.apache.derby.impl.drda.DRDAConnThread.verifyUserIdPassword(Unknown Source)
	at org.apache.derby.impl.drda.DRDAConnThread.parseSECCHK(Unknown Source)
	at org.apache.derby.impl.drda.DRDAConnThread.parseDRDAConnection(Unknown Source)
	at org.apache.derby.impl.drda.DRDAConnThread.processCommands(Unknown Source)
	at org.apache.derby.impl.drda.DRDAConnThread.run(Unknown Source)
============= end nested exception, level (1) ===========
Cleanup action completed
Sun Nov 29 21:30:18 IST 2020 Thread[DRDAConnThread_2,5,main] (DATABASE = JOptionn), (DRDAID = {3}), Database 'JOptionn' not found.
----------------------------------------------------------------
Sun Nov 29 21:30:26 IST 2020:
Booting Derby version The Apache Software Foundation - Apache Derby - 10.11.1.2 - (1629631): instance a65c80ac-0176-14bb-83fe-000015469670 
on database directory /Users/devinrahul/Documents/OPP project/JOption./Joption with class loader sun.misc.Launcher$AppClassLoader@6f94fa3e 
Loaded from file:/Library/Java/JavaVirtualMachines/jdk1.8.0_111.jdk/Contents/Home/db/lib/derby.jar
java.vendor=Oracle Corporation
java.runtime.version=1.8.0_111-b14
user.dir=/Library/Java/JavaVirtualMachines/jdk1.8.0_111.jdk/Contents/Home/db
os.name=Mac OS X
os.arch=x86_64
os.version=10.16
derby.system.home=/Users/devinrahul/Documents/OPP project/JOption.
Database Class Loader started - derby.database.classpath=''
----------------------------------------------------------------
Sun Nov 29 22:50:15 IST 2020: Shutting down Derby engine
----------------------------------------------------------------
Sun Nov 29 22:50:15 IST 2020:
Shutting down instance a65c80ac-0176-14bb-83fe-000015469670 on database directory /Users/devinrahul/Documents/OPP project/JOption./Joption with class loader sun.misc.Launcher$AppClassLoader@6f94fa3e 
----------------------------------------------------------------
